<?xml version="1.0" encoding="UTF-8"?>
<!-- Generated by org.testng.reporters.JUnitReportReporter -->
<testsuite hostname="LAPTOP-VCHEJDFG" name="Framework.TestBase" tests="1" failures="0" timestamp="21 Jul 2017 19:39:43 GMT" time="0.018" errors="0">
  <testcase name="setup" time="0.018" classname="Framework.TestBase"/>
</testsuite> <!-- Framework.TestBase -->
