<?xml version="1.0" encoding="UTF-8"?>
<!-- Generated by org.testng.reporters.JUnitReportReporter -->
<testsuite hostname="LAPTOP-VCHEJDFG" name="testNGFiles.Annotations" tests="2" failures="0" timestamp="20 Jul 2017 20:10:18 GMT" time="0.050" errors="0">
  <testcase name="OpeningBrowser" time="0.013" classname="testNGFiles.Annotations"/>
  <testcase name="FlightBooking" time="0.037" classname="testNGFiles.Annotations"/>
</testsuite> <!-- testNGFiles.Annotations -->
