<?xml version="1.0" encoding="UTF-8"?>
<!-- Generated by org.testng.reporters.JUnitReportReporter -->
<testsuite hostname="LAPTOP-VCHEJDFG" name="ApplicationTest.LoginTests" tests="1" failures="0" timestamp="21 Jul 2017 23:06:56 GMT" time="10.499" errors="0">
  <testcase name="ALoginTest" time="10.499" classname="ApplicationTest.LoginTests"/>
</testsuite> <!-- ApplicationTest.LoginTests -->
