<?xml version="1.0" encoding="UTF-8"?>
<!-- Generated by org.testng.reporters.JUnitReportReporter -->
<testsuite hostname="LAPTOP-VCHEJDFG" name="testNGFilesTwo.Annotations" tests="2" failures="0" timestamp="20 Jul 2017 20:10:18 GMT" time="0.006" errors="0">
  <testcase name="OpeningBrowser" time="0.001" classname="testNGFilesTwo.Annotations"/>
  <testcase name="FlightBooking" time="0.005" classname="testNGFilesTwo.Annotations"/>
</testsuite> <!-- testNGFilesTwo.Annotations -->
