<?xml version="1.0" encoding="UTF-8"?>
<!-- Generated by org.testng.reporters.JUnitReportReporter -->
<testsuite hostname="LAPTOP-VCHEJDFG" name="packageTwo.DependencyAnnotations" tests="4" failures="0" timestamp="20 Jul 2017 20:10:18 GMT" time="0.052" errors="0">
  <testcase name="CreditCardPymentProcessing" time="0.042" classname="packageTwo.DependencyAnnotations"/>
  <testcase name="OpeningBrowser" time="0.005" classname="packageTwo.DependencyAnnotations"/>
  <testcase name="FlightBooking" time="0.002" classname="packageTwo.DependencyAnnotations"/>
  <testcase name="Payment" time="0.003" classname="packageTwo.DependencyAnnotations"/>
</testsuite> <!-- packageTwo.DependencyAnnotations -->
