<?xml version="1.0" encoding="UTF-8"?>
<!-- Generated by org.testng.reporters.JUnitReportReporter -->
<testsuite hostname="LAPTOP-VCHEJDFG" name="packageTwo.Annotations" tests="4" failures="0" timestamp="20 Jul 2017 20:10:18 GMT" time="0.023" errors="0">
  <testcase name="FlightCancel" time="0.007" classname="packageTwo.Annotations"/>
  <testcase name="OpeningBrowser" time="0.004" classname="packageTwo.Annotations"/>
  <testcase name="ListFlightTickets" time="0.004" classname="packageTwo.Annotations"/>
  <testcase name="FlightBooking" time="0.008" classname="packageTwo.Annotations"/>
</testsuite> <!-- packageTwo.Annotations -->
