<?xml version="1.0" encoding="UTF-8"?>
<!-- Generated by org.testng.reporters.JUnitReportReporter -->
<testsuite hostname="LAPTOP-VCHEJDFG" name="Framework.Annotations" tests="2" failures="0" timestamp="18 Jul 2017 16:06:46 GMT" time="0.020" errors="0">
  <testcase name="OpeningBrowser" time="0.005" classname="Framework.Annotations"/>
  <testcase name="FlightBooking" time="0.015" classname="Framework.Annotations"/>
</testsuite> <!-- Framework.Annotations -->
