<?xml version="1.0" encoding="UTF-8"?>
<!-- Generated by org.testng.reporters.JUnitReportReporter -->
<testsuite hostname="LAPTOP-VCHEJDFG" name="testNGFilesTwo.DependencyAnnotations" tests="4" failures="0" timestamp="20 Jul 2017 20:10:18 GMT" time="0.039" errors="0">
  <testcase name="Payment" time="0.001" classname="testNGFilesTwo.DependencyAnnotations"/>
  <testcase name="OpeningBrowser" time="0.007" classname="testNGFilesTwo.DependencyAnnotations"/>
  <testcase name="FlightBooking" time="0.004" classname="testNGFilesTwo.DependencyAnnotations"/>
  <testcase name="CreditCardPymentProcessing" time="0.027" classname="testNGFilesTwo.DependencyAnnotations"/>
</testsuite> <!-- testNGFilesTwo.DependencyAnnotations -->
