<?xml version="1.0" encoding="UTF-8"?>
<!-- Generated by org.testng.reporters.JUnitReportReporter -->
<testsuite name="testNGFiles.Annotations" tests="2" time="0.018" ignored="0" failures="0" timestamp="21 Jun 2018 02:52:09 GMT" skipped="0" hostname="LAPTOP-VCHEJDFG" errors="0">
  <testcase name="FlightBooking" time="0.011" classname="testNGFiles.Annotations"/>
  <testcase name="OpeningBrowser" time="0.007" classname="testNGFiles.Annotations"/>
</testsuite> <!-- testNGFiles.Annotations -->
