<?xml version="1.0" encoding="UTF-8"?>
<!-- Generated by org.testng.reporters.JUnitReportReporter -->
<testsuite hostname="LAPTOP-VCHEJDFG" name="testNGFiles.DependencyAnnotations" tests="4" failures="0" timestamp="20 Jul 2017 20:10:18 GMT" time="0.157" errors="0">
  <testcase name="Payment" time="0.002" classname="testNGFiles.DependencyAnnotations"/>
  <testcase name="FlightBooking" time="0.011" classname="testNGFiles.DependencyAnnotations"/>
  <testcase name="CreditCardPymentProcessing" time="0.142" classname="testNGFiles.DependencyAnnotations"/>
  <testcase name="OpeningBrowser" time="0.002" classname="testNGFiles.DependencyAnnotations"/>
</testsuite> <!-- testNGFiles.DependencyAnnotations -->
