<?xml version="1.0" encoding="UTF-8"?>
<!-- Generated by org.testng.reporters.JUnitReportReporter -->
<testsuite name="ApplicationTest.LoginTests" tests="1" time="196.260" ignored="0" failures="0" timestamp="21 Jun 2018 05:00:17 GMT" skipped="0" hostname="LAPTOP-VCHEJDFG" errors="0">
  <testcase name="ALoginTest" time="196.260" classname="ApplicationTest.LoginTests"/>
</testsuite> <!-- ApplicationTest.LoginTests -->
