<?xml version="1.0" encoding="UTF-8"?>
<!-- Generated by org.testng.reporters.JUnitReportReporter -->
<testsuite hostname="LAPTOP-VCHEJDFG" name="packageTwo.Annotations" tests="4" failures="0" timestamp="21 Jul 2017 23:33:42 GMT" time="0.016" errors="0">
  <testcase name="OpeningBrowser" time="0.000" classname="packageTwo.Annotations"/>
  <testcase name="ListFlightTickets" time="0.016" classname="packageTwo.Annotations"/>
  <testcase name="FlightBooking" time="0.000" classname="packageTwo.Annotations"/>
  <testcase name="FlightCancel" time="0.000" classname="packageTwo.Annotations"/>
</testsuite> <!-- packageTwo.Annotations -->
