<?xml version="1.0" encoding="UTF-8"?>
<!-- Generated by org.testng.reporters.JUnitReportReporter -->
<testsuite name="testNGFiles.DependencyAnnotations" tests="4" time="0.018" ignored="0" failures="0" timestamp="21 Jun 2018 04:56:48 GMT" skipped="0" hostname="LAPTOP-VCHEJDFG" errors="0">
  <testcase name="Payment" time="0.001" classname="testNGFiles.DependencyAnnotations"/>
  <testcase name="OpeningBrowser" time="0.001" classname="testNGFiles.DependencyAnnotations"/>
  <testcase name="CreditCardPymentProcessing" time="0.014" classname="testNGFiles.DependencyAnnotations"/>
  <testcase name="FlightBooking" time="0.002" classname="testNGFiles.DependencyAnnotations"/>
</testsuite> <!-- testNGFiles.DependencyAnnotations -->
