<?xml version="1.0" encoding="UTF-8"?>
<!-- Generated by org.testng.reporters.JUnitReportReporter -->
<testsuite hostname="LAPTOP-VCHEJDFG" name="packageTwo.DependencyAnnotations" tests="4" failures="0" timestamp="21 Jul 2017 23:33:42 GMT" time="0.017" errors="0">
  <testcase name="OpeningBrowser" time="0.000" classname="packageTwo.DependencyAnnotations"/>
  <testcase name="Payment" time="0.001" classname="packageTwo.DependencyAnnotations"/>
  <testcase name="CreditCardPymentProcessing" time="0.015" classname="packageTwo.DependencyAnnotations"/>
  <testcase name="FlightBooking" time="0.001" classname="packageTwo.DependencyAnnotations"/>
</testsuite> <!-- packageTwo.DependencyAnnotations -->
