<?xml version="1.0" encoding="UTF-8"?>
<!-- Generated by org.testng.reporters.JUnitReportReporter -->
<testsuite name="testNGFilesTwo.DependencyAnnotations" tests="4" time="0.007" ignored="0" failures="0" timestamp="21 Jun 2018 04:56:48 GMT" skipped="0" hostname="LAPTOP-VCHEJDFG" errors="0">
  <testcase name="CreditCardPymentProcessing" time="0.006" classname="testNGFilesTwo.DependencyAnnotations"/>
  <testcase name="FlightBooking" time="0.000" classname="testNGFilesTwo.DependencyAnnotations"/>
  <testcase name="Payment" time="0.000" classname="testNGFilesTwo.DependencyAnnotations"/>
  <testcase name="OpeningBrowser" time="0.001" classname="testNGFilesTwo.DependencyAnnotations"/>
</testsuite> <!-- testNGFilesTwo.DependencyAnnotations -->
