<?xml version="1.0" encoding="UTF-8"?>
<!-- Generated by org.testng.reporters.JUnitReportReporter -->
<testsuite hostname="LAPTOP-VCHEJDFG" name="testNGFiles.Annotations" tests="2" failures="0" timestamp="21 Jul 2017 23:33:42 GMT" time="0.015" errors="0">
  <testcase name="OpeningBrowser" time="0.015" classname="testNGFiles.Annotations"/>
  <testcase name="FlightBooking" time="0.000" classname="testNGFiles.Annotations"/>
</testsuite> <!-- testNGFiles.Annotations -->
