<?xml version="1.0" encoding="UTF-8"?>
<!-- Generated by org.testng.reporters.JUnitReportReporter -->
<testsuite name="packageTwo.Annotations" tests="4" time="0.005" ignored="0" failures="0" timestamp="21 Jun 2018 04:56:48 GMT" skipped="0" hostname="LAPTOP-VCHEJDFG" errors="0">
  <testcase name="OpeningBrowser" time="0.001" classname="packageTwo.Annotations"/>
  <testcase name="FlightCancel" time="0.001" classname="packageTwo.Annotations"/>
  <testcase name="ListFlightTickets" time="0.003" classname="packageTwo.Annotations"/>
  <testcase name="FlightBooking" time="0.000" classname="packageTwo.Annotations"/>
</testsuite> <!-- packageTwo.Annotations -->
